<?xml version="1.0" encoding="UTF-8"?>
<!-- Generated by org.testng.reporters.JUnitXMLReporter -->
<testsuite ignored="0" hostname="DESKTOP-B4ND95H" failures="0" tests="3" name="Default test" time="0.114" errors="0" timestamp="2022-11-05T09:05:38 IST">
  <testcase classname="com.testcases.Test1" name="test1" time="0.018"/>
  <testcase classname="com.testcases.Test1" name="test2" time="0.003"/>
  <testcase classname="com.testcases.Test1" name="test3" time="0.005"/>
</testsuite> <!-- Default test -->
