<?xml version="1.0" encoding="UTF-8"?>
<testng-results ignored="0" total="3" passed="3" failed="0" skipped="0">
  <reporter-output>
  </reporter-output>
  <suite started-at="2022-11-05T09:08:13 IST" name="suite1" finished-at="2022-11-05T09:08:13 IST" duration-ms="74">
    <groups>
    </groups>
    <test started-at="2022-11-05T09:08:13 IST" name="test1" finished-at="2022-11-05T09:08:13 IST" duration-ms="74">
      <class name="com.testcases.Test1">
        <test-method signature="test1()[pri:0, instance:com.testcases.Test1@5939a379]" started-at="2022-11-05T09:08:13 IST" name="test1" finished-at="2022-11-05T09:08:13 IST" duration-ms="9" status="PASS">
          <reporter-output>
          </reporter-output>
        </test-method> <!-- test1 -->
        <test-method signature="test2()[pri:0, instance:com.testcases.Test1@5939a379]" started-at="2022-11-05T09:08:13 IST" name="test2" finished-at="2022-11-05T09:08:13 IST" duration-ms="1" status="PASS">
          <reporter-output>
          </reporter-output>
        </test-method> <!-- test2 -->
        <test-method signature="test3()[pri:0, instance:com.testcases.Test1@5939a379]" started-at="2022-11-05T09:08:13 IST" name="test3" finished-at="2022-11-05T09:08:13 IST" duration-ms="0" status="PASS">
          <reporter-output>
          </reporter-output>
        </test-method> <!-- test3 -->
      </class> <!-- com.testcases.Test1 -->
    </test> <!-- test1 -->
  </suite> <!-- suite1 -->
</testng-results>
