<?xml version="1.0" encoding="UTF-8"?>
<testng-results ignored="0" total="3" passed="3" failed="0" skipped="0">
  <reporter-output>
  </reporter-output>
  <suite started-at="2022-11-05T09:05:38 IST" name="Default suite" finished-at="2022-11-05T09:05:38 IST" duration-ms="114">
    <groups>
    </groups>
    <test started-at="2022-11-05T09:05:38 IST" name="Default test" finished-at="2022-11-05T09:05:38 IST" duration-ms="114">
      <class name="com.testcases.Test1">
        <test-method signature="test1()[pri:0, instance:com.testcases.Test1@4efc180e]" started-at="2022-11-05T09:05:38 IST" name="test1" finished-at="2022-11-05T09:05:38 IST" duration-ms="18" status="PASS">
          <reporter-output>
          </reporter-output>
        </test-method> <!-- test1 -->
        <test-method signature="test2()[pri:0, instance:com.testcases.Test1@4efc180e]" started-at="2022-11-05T09:05:38 IST" name="test2" finished-at="2022-11-05T09:05:38 IST" duration-ms="3" status="PASS">
          <reporter-output>
          </reporter-output>
        </test-method> <!-- test2 -->
        <test-method signature="test3()[pri:0, instance:com.testcases.Test1@4efc180e]" started-at="2022-11-05T09:05:38 IST" name="test3" finished-at="2022-11-05T09:05:38 IST" duration-ms="5" status="PASS">
          <reporter-output>
          </reporter-output>
        </test-method> <!-- test3 -->
      </class> <!-- com.testcases.Test1 -->
    </test> <!-- Default test -->
  </suite> <!-- Default suite -->
</testng-results>
